\BOOKMARK [1][-]{section.1}{\376\377\004\037\004\076\004\101\004\102\004\060\004\075\004\076\004\062\004\072\004\060\000\040\004\067\004\060\004\064\004\060\004\107\004\070}{}% 1
\BOOKMARK [2][-]{subsection.1.1}{\376\377\004\036\004\077\004\070\004\101\004\060\004\102\004\065\004\073\004\114\004\075\004\060\004\117\000\040\004\101\004\102\004\060\004\102\004\070\004\101\004\102\004\070\004\072\004\060}{section.1}% 2
\BOOKMARK [2][-]{subsection.1.2}{\376\377\004\042\004\076\004\107\004\065\004\107\004\075\004\076\004\065\000\040\004\076\004\106\004\065\004\075\004\070\004\062\004\060\004\075\004\070\004\065\000\040\004\105\004\060\004\100\004\060\004\072\004\102\004\065\004\100\004\070\004\101\004\102\004\070\004\072\000\040\004\077\004\076\004\073\004\076\004\066\004\065\004\075\004\070\004\117\000\040\004\070\000\040\004\100\004\060\004\101\004\101\004\065\004\117\004\075\004\070\004\117}{section.1}% 3
\BOOKMARK [1][-]{section.2}{\376\377\004\042\004\065\004\076\004\100\004\065\004\102\004\070\004\107\004\065\004\101\004\072\004\076\004\065\000\040\004\076\004\061\004\076\004\101\004\075\004\076\004\062\004\060\004\075\004\070\004\065}{}% 4
\BOOKMARK [2][-]{subsection.2.1}{\376\377\004\044\004\103\004\075\004\072\004\106\004\070\004\070\000\040\004\100\004\060\004\101\004\077\004\100\004\065\004\064\004\065\004\073\004\065\004\075\004\070\004\117}{section.2}% 5
\BOOKMARK [2][-]{subsection.2.2}{\376\377\004\045\004\060\004\100\004\060\004\072\004\102\004\065\004\100\004\070\004\101\004\102\004\070\004\072\004\070\000\040\004\077\004\076\004\073\004\076\004\066\004\065\004\075\004\070\004\117\000\040\004\070\000\040\004\100\004\060\004\101\004\101\004\065\004\117\004\075\004\070\004\117}{section.2}% 6
\BOOKMARK [1][-]{section.3}{\376\377\004\036\004\077\004\070\004\101\004\060\004\075\004\070\004\065\000\040\004\100\004\060\004\061\004\076\004\102\004\113}{}% 7
\BOOKMARK [1][-]{section.4}{\376\377\004\040\004\065\004\067\004\103\004\073\004\114\004\102\004\060\004\102\004\113}{}% 8
\BOOKMARK [2][-]{subsection.4.1}{\376\377\004\023\004\070\004\101\004\102\004\076\004\063\004\100\004\060\004\074\004\074\004\113\000\040\004\070\000\040\004\063\004\100\004\060\004\104\004\070\004\072\004\070\000\040\004\077\004\073\004\076\004\102\004\075\004\076\004\101\004\102\004\070\000\040\004\100\004\060\004\101\004\077\004\100\004\065\004\064\004\065\004\073\004\065\004\075\004\070\004\117}{section.4}% 9
\BOOKMARK [2][-]{subsection.4.2}{\376\377\004\045\004\060\004\100\004\060\004\072\004\102\004\065\004\100\004\070\004\101\004\102\004\070\004\072\004\070\000\040\004\077\004\076\004\073\004\076\004\066\004\065\004\075\004\070\004\117\000\040\004\070\000\040\004\100\004\060\004\101\004\101\004\065\004\117\004\075\004\070\004\117}{section.4}% 10
\BOOKMARK [1][-]{section.5}{\376\377\004\022\004\113\004\062\004\076\004\064\004\113}{}% 11
\BOOKMARK [1][-]{section.6}{\376\377\004\037\004\076\004\101\004\102\004\060\004\075\004\076\004\062\004\072\004\060\000\040\004\067\004\060\004\064\004\060\004\107\004\070}{}% 12
\BOOKMARK [2][-]{subsection.6.1}{\376\377\004\021\004\076\004\072\004\101\004\077\004\073\004\076\004\102\000\040\004\042\004\114\004\116\004\072\004\070}{section.6}% 13
\BOOKMARK [2][-]{subsection.6.2}{\376\377\004\024\004\076\004\062\004\065\004\100\004\070\004\102\004\065\004\073\004\114\004\075\004\113\004\065\000\040\004\070\004\075\004\102\004\065\004\100\004\062\004\060\004\073\004\113\000\040\004\064\004\073\004\117\000\040\004\077\004\060\004\100\004\060\004\074\004\065\004\102\004\100\004\076\004\062\000\040\004\075\004\076\004\100\004\074\004\060\004\073\004\114\004\075\004\076\004\063\004\076\000\040\004\100\004\060\004\101\004\077\004\100\004\065\004\064\004\065\004\073\004\065\004\075\004\070\004\117}{section.6}% 14
\BOOKMARK [1][-]{section.7}{\376\377\004\042\004\065\004\076\004\100\004\065\004\102\004\070\004\107\004\065\004\101\004\072\004\076\004\065\000\040\004\076\004\061\004\076\004\101\004\075\004\076\004\062\004\060\004\075\004\070\004\065}{}% 15
\BOOKMARK [2][-]{subsection.7.1}{\376\377\004\044\004\103\004\075\004\072\004\106\004\070\004\070\000\040\004\100\004\060\004\101\004\077\004\100\004\065\004\064\004\065\004\073\004\065\004\075\004\070\004\117}{section.7}% 16
\BOOKMARK [2][-]{subsection.7.2}{\376\377\004\021\004\076\004\072\004\101\004\077\004\073\004\076\004\102\000\040\004\042\004\114\004\116\004\072\004\070}{section.7}% 17
\BOOKMARK [2][-]{subsection.7.3}{\376\377\004\024\004\076\004\062\004\065\004\100\004\070\004\102\004\065\004\073\004\114\004\075\004\113\004\065\000\040\004\070\004\075\004\102\004\065\004\100\004\062\004\060\004\073\004\113\000\040\004\064\004\073\004\117\000\040\004\077\004\060\004\100\004\060\004\074\004\065\004\102\004\100\004\076\004\062\000\040\004\075\004\076\004\100\004\074\004\060\004\073\004\114\004\075\004\076\004\063\004\076\000\040\004\100\004\060\004\101\004\077\004\100\004\065\004\064\004\065\004\073\004\065\004\075\004\070\004\117}{section.7}% 18
\BOOKMARK [1][-]{section.8}{\376\377\004\036\004\077\004\070\004\101\004\060\004\075\004\070\004\065\000\040\004\100\004\060\004\061\004\076\004\102\004\113}{}% 19
\BOOKMARK [1][-]{section.9}{\376\377\004\040\004\065\004\067\004\103\004\073\004\114\004\102\004\060\004\102\004\113}{}% 20
\BOOKMARK [2][-]{subsection.9.1}{\376\377\004\023\004\070\004\101\004\102\004\076\004\063\004\100\004\060\004\074\004\074\004\113\000\040\004\070\000\040\004\063\004\100\004\060\004\104\004\070\004\072\004\070\000\040\004\077\004\073\004\076\004\102\004\075\004\076\004\101\004\102\004\070\000\040\004\100\004\060\004\101\004\077\004\100\004\065\004\064\004\065\004\073\004\065\004\075\004\070\004\117}{section.9}% 21
\BOOKMARK [2][-]{subsection.9.2}{\376\377\004\024\004\076\004\062\004\065\004\100\004\070\004\102\004\065\004\073\004\114\004\075\004\113\004\065\000\040\004\070\004\075\004\102\004\065\004\100\004\062\004\060\004\073\004\113\000\040\004\064\004\073\004\117\000\040\004\077\004\060\004\100\004\060\004\074\004\065\004\102\004\100\004\076\004\062\000\040\004\100\004\060\004\101\004\077\004\100\004\065\004\064\004\065\004\073\004\065\004\075\004\070\004\071}{section.9}% 22
\BOOKMARK [1][-]{section.10}{\376\377\004\022\004\113\004\062\004\076\004\064\004\113}{}% 23
\BOOKMARK [1][-]{section.11}{\376\377\004\037\004\076\004\101\004\102\004\060\004\075\004\076\004\062\004\072\004\060\000\040\004\067\004\060\004\064\004\060\004\107\004\070}{}% 24
\BOOKMARK [2][-]{subsection.11.1}{\376\377\004\032\004\076\004\115\004\104\004\104\004\070\004\106\004\070\004\065\004\075\004\102\000\040\004\072\004\076\004\100\004\100\004\065\004\073\004\117\004\106\004\070\004\070}{section.11}% 25
\BOOKMARK [2][-]{subsection.11.2}{\376\377\004\037\004\100\004\076\004\101\004\102\004\060\004\117\000\040\004\073\004\070\004\075\004\065\004\071\004\075\004\060\004\117\000\040\004\100\004\065\004\063\004\100\004\065\004\101\004\101\004\070\004\117}{section.11}% 26
\BOOKMARK [1][-]{section.12}{\376\377\004\042\004\065\004\076\004\100\004\065\004\102\004\070\004\107\004\065\004\101\004\072\004\076\004\065\000\040\004\076\004\061\004\076\004\101\004\075\004\076\004\062\004\060\004\075\004\070\004\065}{}% 27
\BOOKMARK [2][-]{subsection.12.1}{\376\377\004\024\004\062\004\103\004\074\004\065\004\100\004\075\004\076\004\065\000\040\004\075\004\076\004\100\004\074\004\060\004\073\004\114\004\075\004\076\004\065\000\040\004\100\004\060\004\101\004\077\004\100\004\065\004\064\004\065\004\073\004\065\004\075\004\070\004\065}{section.12}% 28
\BOOKMARK [2][-]{subsection.12.2}{\376\377\004\032\004\076\004\100\004\100\004\065\004\073\004\117\004\106\004\070\004\076\004\075\004\075\004\113\004\071\000\040\004\074\004\076\004\074\004\065\004\075\004\102\000\040\000\050\004\072\004\076\004\062\004\060\004\100\004\070\004\060\004\106\004\070\004\117\000\051\000\040\004\070\000\040\004\072\004\076\004\115\004\104\004\104\004\070\004\106\004\070\004\065\004\075\004\102\000\040\004\072\004\076\004\100\004\100\004\065\004\073\004\117\004\106\004\070\004\070}{section.12}% 29
\BOOKMARK [2][-]{subsection.12.3}{\376\377\004\022\004\113\004\061\004\076\004\100\004\076\004\107\004\075\004\113\004\071\000\040\004\072\004\076\004\115\004\104\004\104\004\070\004\106\004\070\004\065\004\075\004\102\000\040\004\072\004\076\004\100\004\100\004\065\004\073\004\117\004\106\004\070\004\070\000\040\004\037\004\070\004\100\004\101\004\076\004\075\004\060}{section.12}% 30
\BOOKMARK [2][-]{subsection.12.4}{\376\377\004\022\004\113\004\061\004\076\004\100\004\076\004\107\004\075\004\113\004\071\000\040\004\072\004\062\004\060\004\064\004\100\004\060\004\075\004\102\004\075\004\113\004\071\000\040\004\072\004\076\004\115\004\104\004\104\004\070\004\106\004\070\004\065\004\075\004\102\000\040\004\072\004\076\004\100\004\100\004\065\004\073\004\117\004\106\004\070\004\070}{section.12}% 31
\BOOKMARK [2][-]{subsection.12.5}{\376\377\004\022\004\113\004\061\004\076\004\100\004\076\004\107\004\075\004\113\004\071\000\040\004\072\004\076\004\115\004\104\004\104\004\070\004\106\004\070\004\065\004\075\004\102\000\040\004\100\004\060\004\075\004\063\004\076\004\062\004\076\004\071\000\040\004\072\004\076\004\100\004\100\004\065\004\073\004\117\004\106\004\070\004\070\000\040\004\041\004\077\004\070\004\100\004\074\004\065\004\075\004\060}{section.12}% 32
\BOOKMARK [2][-]{subsection.12.6}{\376\377\004\055\004\073\004\073\004\070\004\077\004\101\004\113\000\040\004\100\004\060\004\101\004\101\004\065\004\070\004\062\004\060\004\075\004\070\004\117}{section.12}% 33
\BOOKMARK [2][-]{subsection.12.7}{\376\377\004\034\004\065\004\102\004\076\004\064\000\040\004\075\004\060\004\070\004\074\004\065\004\075\004\114\004\110\004\070\004\105\000\040\004\072\004\062\004\060\004\064\004\100\004\060\004\102\004\076\004\062}{section.12}% 34
\BOOKMARK [2][-]{subsection.12.8}{\376\377\004\034\004\065\004\102\004\076\004\064\000\040\004\075\004\060\004\070\004\074\004\065\004\075\004\114\004\110\004\070\004\105\000\040\004\074\004\076\004\064\004\103\004\073\004\065\004\071}{section.12}% 35
\BOOKMARK [1][-]{section.13}{\376\377\004\036\004\077\004\070\004\101\004\060\004\075\004\070\004\065\000\040\004\100\004\060\004\061\004\076\004\102\004\113}{}% 36
\BOOKMARK [1][-]{section.14}{\376\377\004\040\004\065\004\067\004\103\004\073\004\114\004\102\004\060\004\102\004\113}{}% 37
\BOOKMARK [2][-]{subsection.14.1}{\376\377\004\032\004\076\004\115\004\104\004\104\004\070\004\106\004\070\004\065\004\075\004\102\000\040\004\072\004\076\004\100\004\100\004\065\004\073\004\117\004\106\004\070\004\070}{section.14}% 38
\BOOKMARK [2][-]{subsection.14.2}{\376\377\004\037\004\100\004\076\004\101\004\102\004\060\004\117\000\040\004\073\004\070\004\075\004\065\004\071\004\075\004\060\004\117\000\040\004\100\004\065\004\063\004\100\004\065\004\101\004\101\004\070\004\117}{section.14}% 39
\BOOKMARK [1][-]{section.15}{\376\377\004\022\004\113\004\062\004\076\004\064\004\113}{}% 40
